
Circuit 1 cell sky130_fd_pr__nfet_01v8 and Circuit 2 cell sky130_fd_pr__nfet_01v8 are black boxes.
Equate elements:  no current cell.
Device classes sky130_fd_pr__nfet_01v8 and sky130_fd_pr__nfet_01v8 are equivalent.

Class /foss/designs/apatel/magic/DA_NMOS_CM.spice (1):  Merged 6 parallel devices.
Subcircuit summary:
Circuit 1: /headless/.xschem/simulations/D |Circuit 2: /foss/designs/apatel/magic/DA_N 
-------------------------------------------|-------------------------------------------
sky130_fd_pr__nfet_01v8 (8->2)             |sky130_fd_pr__nfet_01v8 (8->2)             
(no matching element)                      |c (2)                                      
Number of devices: 2 **Mismatch**          |Number of devices: 4 **Mismatch**          
Number of nets: 3                          |Number of nets: 3                          
---------------------------------------------------------------------------------------
NET mismatches: Class fragments follow (with fanout counts):
Circuit 1: /headless/.xschem/simulations/D |Circuit 2: /foss/designs/apatel/magic/DA_N 

---------------------------------------------------------------------------------------
Net: CS                                    |Net: GND                                   
  sky130_fd_pr__nfet_01v8/2 = 2            |  sky130_fd_pr__nfet_01v8/(1|3) = 2        
  sky130_fd_pr__nfet_01v8/(1|3) = 1        |  sky130_fd_pr__nfet_01v8/4 = 2            
                                           |  c/bottom = 2                             
                                           |                                           
Net: toM6                                  |Net: toM6                                  
  sky130_fd_pr__nfet_01v8/(1|3) = 1        |  sky130_fd_pr__nfet_01v8/(1|3) = 1        
                                           |  c/top = 1                                
---------------------------------------------------------------------------------------

---------------------------------------------------------------------------------------
Net: GND                                   |Net: CS                                    
  sky130_fd_pr__nfet_01v8/(1|3) = 2        |  sky130_fd_pr__nfet_01v8/(1|3) = 1        
  sky130_fd_pr__nfet_01v8/4 = 2            |  sky130_fd_pr__nfet_01v8/2 = 2            
                                           |  c/top = 1                                
---------------------------------------------------------------------------------------
DEVICE mismatches: Class fragments follow (with node fanout counts):
Circuit 1: /headless/.xschem/simulations/D |Circuit 2: /foss/designs/apatel/magic/DA_N 

---------------------------------------------------------------------------------------
(no matching instance)                     |Instance: c:0                              
                                           |  top = 2                                  
                                           |  bottom = 6                               
                                           |                                           
(no matching instance)                     |Instance: c:1                              
                                           |  top = 4                                  
                                           |  bottom = 6                               
---------------------------------------------------------------------------------------

---------------------------------------------------------------------------------------
Instance: sky130_fd_pr__nfet_01v8:M1       |Instance: sky130_fd_pr__nfet_01v8:2        
  (1,3) = (4,3)                            |  (1,3) = (6,2)                            
  2 = 3                                    |  2 = 4                                    
  4 = 4                                    |  4 = 6                                    
                                           |                                           
Instance: sky130_fd_pr__nfet_01v8:M2       |Instance: sky130_fd_pr__nfet_01v8:0        
  (1,3) = (4,1)                            |  (1,3) = (6,4)                            
  2 = 3                                    |  2 = 4                                    
  4 = 4                                    |  4 = 6                                    
---------------------------------------------------------------------------------------
Netlists do not match.
Port matching may fail to disambiguate symmetries.
Cells have no pins;  pin matching not needed.
Device classes /headless/.xschem/simulations/DA_NMOS_CM.spice and /foss/designs/apatel/magic/DA_NMOS_CM.spice are equivalent.

Final result: Netlists do not match.
Port matching may fail to disambiguate symmetries.
